<?xml version="1.0" encoding="UTF-8"?>
<!-- Generated by org.testng.reporters.JUnitXMLReporter -->
<testsuite ignored="0" hostname="LAPTOP-Q8Q57V6B" failures="0" tests="6" name="Test" time="145.169" errors="0" timestamp="2022-10-17T10:58:06 IST">
  <testcase classname="Com.Orange.qa.TestCases.LoginpageTest" name="OrangeHRMPageTitle" time="10.061"/>
  <testcase classname="Com.Orange.qa.TestCases.LoginpageTest" name="OrangeUsername" time="11.503"/>
  <testcase classname="Com.Orange.qa.TestCases.Adminpage" name="AdminPages1" time="29.794"/>
  <testcase classname="Com.Orange.qa.TestCases.HomepageTest" name="AddEmploy" time="26.139"/>
  <testcase classname="Com.Orange.qa.TestCases.HomepageTest" name="EmployeeName" time="16.812"/>
  <testcase classname="Com.Orange.qa.TestCases.ConfigurationPageTest" name="ConfigList" time="10.508"/>
</testsuite> <!-- Test -->
