<?xml version="1.0" encoding="UTF-8"?>
<!-- Generated by org.testng.reporters.JUnitXMLReporter -->
<testsuite ignored="0" hostname="LAPTOP-Q8Q57V6B" failures="0" tests="4" name="Test" time="150.466" errors="0" timestamp="2022-10-15T15:29:25 IST">
  <testcase classname="Com.Orange.qa.TestCases.LoginpageTest" name="OrangeHRMPageTitle" time="11.687"/>
  <testcase classname="Com.Orange.qa.TestCases.LoginpageTest" name="OrangeUsername" time="10.661"/>
  <testcase classname="Com.Orange.qa.TestCases.HomepageTest" name="AddEmploy" time="28.325"/>
  <testcase classname="Com.Orange.qa.TestCases.HomepageTest" name="EmployeeName" time="19.841"/>
</testsuite> <!-- Test -->
